#
# There is insufficient memory for the Java Runtime Environment to continue.
# Native memory allocation (mmap) failed to map 132120576 bytes for G1 virtual space
# Possible reasons:
#   The system is out of physical RAM or swap space
#   The process is running with CompressedOops enabled, and the Java Heap may be blocking the growth of the native heap
# Possible solutions:
#   Reduce memory load on the system
#   Increase physical memory or swap space
#   Check if swap backing store is full
#   Decrease Java heap size (-Xmx/-Xms)
#   Decrease number of Java threads
#   Decrease Java thread stack sizes (-Xss)
#   Set larger code cache with -XX:ReservedCodeCacheSize=
#   JVM is running with Unscaled Compressed Oops mode in which the Java heap is
#     placed in the first 4GB address space. The Java Heap base address is the
#     maximum limit for the native heap growth. Please use -XX:HeapBaseMinAddress
#     to set the Java Heap base and to place the Java Heap above 4GB virtual address.
# This output file may be truncated or incomplete.
#
#  Out of Memory Error (os_windows.cpp:3536), pid=10560, tid=12096
#
# JRE version:  (19.0.2+7) (build )
# Java VM: OpenJDK 64-Bit Server VM (19.0.2+7-44, mixed mode, sharing, tiered, compressed oops, compressed class ptrs, g1 gc, windows-amd64)
# No core dump will be written. Minidumps are not enabled by default on client versions of Windows
#

---------------  S U M M A R Y ------------

Command Line: -javaagent:C:\Program Files\Android\Android Studio\lib\idea_rt.jar=51510:C:\Program Files\Android\Android Studio\bin -Dfile.encoding=UTF-8 com.example.abstractinterface.assignment.MainKt

Host: Intel(R) Core(TM) i5-6300U CPU @ 2.40GHz, 4 cores, 7G,  Windows 10 , 64 bit Build 19041 (10.0.19041.3636)
Time: Fri Jan 12 20:13:18 2024 Pakistan Standard Time elapsed time: 0.028793 seconds (0d 0h 0m 0s)

---------------  T H R E A D  ---------------

Current thread (0x00000180e2a45330):  JavaThread "Unknown thread" [_thread_in_vm, id=12096, stack(0x0000003b36600000,0x0000003b36700000)]

Stack: [0x0000003b36600000,0x0000003b36700000]
Native frames: (J=compiled Java code, j=interpreted, Vv=VM code, C=native code)
V  [jvm.dll+0x6ee21a]
V  [jvm.dll+0x85765e]
V  [jvm.dll+0x85904e]
V  [jvm.dll+0x859703]
V  [jvm.dll+0x28298f]
V  [jvm.dll+0x6eb009]
V  [jvm.dll+0x6dfbaa]
V  [jvm.dll+0x3573f6]
V  [jvm.dll+0x35ee56]
V  [jvm.dll+0x3b541e]
V  [jvm.dll+0x3b564f]
V  [jvm.dll+0x32c9ea]
V  [jvm.dll+0x32d89e]
V  [jvm.dll+0x821780]
V  [jvm.dll+0x3c2661]
V  [jvm.dll+0x801f51]
V  [jvm.dll+0x44ae8f]
V  [jvm.dll+0x44c811]
C  [jli.dll+0x5287]
C  [ucrtbase.dll+0x21bb2]
C  [KERNEL32.DLL+0x17344]
C  [ntdll.dll+0x526b1]


---------------  P R O C E S S  ---------------

Threads class SMR info:
_java_thread_list=0x00007ff8654dd048, length=0, elements={
}

Java Threads: ( => current thread )

Other Threads:
  0x00000180e2aa27f0 WorkerThread "GC Thread#0" [stack: 0x0000003b36700000,0x0000003b36800000] [id=5556]
  0x00000180e2ab42e0 ConcurrentGCThread "G1 Main Marker" [stack: 0x0000003b36800000,0x0000003b36900000] [id=10272]
  0x00000180e2ab5ec0 WorkerThread "G1 Conc#0" [stack: 0x0000003b36900000,0x0000003b36a00000] [id=11996]

[error occurred during error reporting (printing all threads), id 0xc0000005, EXCEPTION_ACCESS_VIOLATION (0xc0000005) at pc=0x00007ff864c9d427]

VM state: not at safepoint (not fully initialized)

VM Mutex/Monitor currently owned by a thread:  ([mutex/lock_event])
[0x00000180e2a40eb0] Heap_lock - owner thread: 0x00000180e2a45330

Heap address: 0x0000000082400000, size: 2012 MB, Compressed Oops mode: 32-bit

CDS archive(s) mapped at: [0x0000000000000000-0x0000000000000000-0x0000000000000000), size 0, SharedBaseAddress: 0x0000000800000000, ArchiveRelocationMode: 0.
Narrow klass base: 0x0000000000000000, Narrow klass shift: 0, Narrow klass range: 0x0

GC Precious Log:
 CardTable entry size: 512
 Card Set container configuration: InlinePtr #cards 5 size 8 Array Of Cards #cards 12 size 40 Howl #buckets 4 coarsen threshold 1843 Howl Bitmap #cards 512 size 80 coarsen threshold 460 Card regions per heap region 1 cards per card region 2048

Heap:
 garbage-first heap   total 0K, used 0K [0x0000000082400000, 0x0000000100000000)
  region size 1024K, 0 young (0K), 0 survivors (0K)

[error occurred during error reporting (printing heap information), id 0xc0000005, EXCEPTION_ACCESS_VIOLATION (0xc0000005) at pc=0x00007ff8650a6649]

GC Heap History (0 events):
No events

Dll operation events (1 events):
Event: 0.015 Loaded shared library C:\Users\SAJJAD ALI\.jdks\openjdk-19.0.2\bin\java.dll

Deoptimization events (0 events):
No events

Classes loaded (0 events):
No events

Classes unloaded (0 events):
No events

Classes redefined (0 events):
No events

Internal exceptions (0 events):
No events

VM Operations (0 events):
No events

Events (0 events):
No events


Dynamic libraries:
0x00007ff652000000 - 0x00007ff65200e000 	C:\Users\SAJJAD ALI\.jdks\openjdk-19.0.2\bin\java.exe
0x00007ff8ad890000 - 0x00007ff8ada88000 	C:\Windows\SYSTEM32\ntdll.dll
0x00007ff8aca70000 - 0x00007ff8acb2d000 	C:\Windows\System32\KERNEL32.DLL
0x00007ff8ab3d0000 - 0x00007ff8ab6c6000 	C:\Windows\System32\KERNELBASE.dll
0x00007ff8ab7f0000 - 0x00007ff8ab8f0000 	C:\Windows\System32\ucrtbase.dll
0x00007ff8a4170000 - 0x00007ff8a4187000 	C:\Users\SAJJAD ALI\.jdks\openjdk-19.0.2\bin\jli.dll
0x00007ff8a3150000 - 0x00007ff8a316b000 	C:\Users\SAJJAD ALI\.jdks\openjdk-19.0.2\bin\VCRUNTIME140.dll
0x00007ff8ac8c0000 - 0x00007ff8aca5e000 	C:\Windows\System32\USER32.dll
0x00007ff8ab6d0000 - 0x00007ff8ab6f2000 	C:\Windows\System32\win32u.dll
0x00007ff8ad820000 - 0x00007ff8ad84c000 	C:\Windows\System32\GDI32.dll
0x00007ff8ab180000 - 0x00007ff8ab29a000 	C:\Windows\System32\gdi32full.dll
0x00007ff8ab750000 - 0x00007ff8ab7ed000 	C:\Windows\System32\msvcp_win.dll
0x00007ff884ad0000 - 0x00007ff884d6a000 	C:\Windows\WinSxS\amd64_microsoft.windows.common-controls_6595b64144ccf1df_6.0.19041.3636_none_60b6a03d71f818d5\COMCTL32.dll
0x00007ff8aba40000 - 0x00007ff8abade000 	C:\Windows\System32\msvcrt.dll
0x00007ff8ad6a0000 - 0x00007ff8ad6d0000 	C:\Windows\System32\IMM32.DLL
0x00007ff8a4220000 - 0x00007ff8a422c000 	C:\Users\SAJJAD ALI\.jdks\openjdk-19.0.2\bin\vcruntime140_1.dll
0x00007ff880a50000 - 0x00007ff880ade000 	C:\Users\SAJJAD ALI\.jdks\openjdk-19.0.2\bin\msvcp140.dll
0x00007ff864960000 - 0x00007ff865620000 	C:\Users\SAJJAD ALI\.jdks\openjdk-19.0.2\bin\server\jvm.dll
0x00007ff8ad5f0000 - 0x00007ff8ad69f000 	C:\Windows\System32\ADVAPI32.dll
0x00007ff8ad780000 - 0x00007ff8ad81c000 	C:\Windows\System32\sechost.dll
0x00007ff8abd70000 - 0x00007ff8abe96000 	C:\Windows\System32\RPCRT4.dll
0x00007ff8966b0000 - 0x00007ff8966b9000 	C:\Windows\SYSTEM32\WSOCK32.dll
0x00007ff893780000 - 0x00007ff8937a7000 	C:\Windows\SYSTEM32\WINMM.dll
0x00007ff8abf00000 - 0x00007ff8abf6b000 	C:\Windows\System32\WS2_32.dll
0x00007ff8a0380000 - 0x00007ff8a038a000 	C:\Windows\SYSTEM32\VERSION.dll
0x00007ff8a97c0000 - 0x00007ff8a97d2000 	C:\Windows\SYSTEM32\kernel.appcore.dll
0x00007ff8a3ad0000 - 0x00007ff8a3ada000 	C:\Users\SAJJAD ALI\.jdks\openjdk-19.0.2\bin\jimage.dll
0x00007ff8a1480000 - 0x00007ff8a1664000 	C:\Windows\SYSTEM32\DBGHELP.DLL
0x00007ff8a0b80000 - 0x00007ff8a0bb4000 	C:\Windows\SYSTEM32\dbgcore.DLL
0x00007ff8ab340000 - 0x00007ff8ab3c2000 	C:\Windows\System32\bcryptPrimitives.dll
0x00007ff8a5750000 - 0x00007ff8a575e000 	C:\Users\SAJJAD ALI\.jdks\openjdk-19.0.2\bin\instrument.dll
0x00007ff8a3120000 - 0x00007ff8a3146000 	C:\Users\SAJJAD ALI\.jdks\openjdk-19.0.2\bin\java.dll

dbghelp: loaded successfully - version: 4.0.5 - missing functions: none
symbol engine: initialized successfully - sym options: 0x614 - pdb path: .;C:\Users\SAJJAD ALI\.jdks\openjdk-19.0.2\bin;C:\Windows\SYSTEM32;C:\Windows\WinSxS\amd64_microsoft.windows.common-controls_6595b64144ccf1df_6.0.19041.3636_none_60b6a03d71f818d5;C:\Users\SAJJAD ALI\.jdks\openjdk-19.0.2\bin\server

VM Arguments:
jvm_args: -javaagent:C:\Program Files\Android\Android Studio\lib\idea_rt.jar=51510:C:\Program Files\Android\Android Studio\bin -Dfile.encoding=UTF-8 
java_command: com.example.abstractinterface.assignment.MainKt
java_class_path (initial): C:\Users\SAJJAD ALI\AppData\Local\Android\Sdk\platforms\android-34\android.jar;C:\Users\SAJJAD ALI\AppData\Local\Android\Sdk\platforms\android-34\data\res;C:\Users\SAJJAD ALI\AndroidStudioProjects\AbstractInterface\app\build\intermediates\javac\debug\classes;C:\Users\SAJJAD ALI\AndroidStudioProjects\AbstractInterface\app\build\tmp\kotlin-classes\debug;C:\Users\SAJJAD ALI\AndroidStudioProjects\AbstractInterface\app\build\intermediates\compile_and_runtime_not_namespaced_r_class_jar\debug\R.jar;C:\Users\SAJJAD ALI\AndroidStudioProjects\AbstractInterface\app\build\generated\res\resValues\debug;C:\Users\SAJJAD ALI\.gradle\caches\modules-2\files-2.1\org.jetbrains.kotlin\kotlin-stdlib-jdk8\1.8.22\b25c86d47d6b962b9cf0f8c3f320c8a10eea3dd1\kotlin-stdlib-jdk8-1.8.22.jar;C:\Users\SAJJAD ALI\.gradle\caches\modules-2\files-2.1\org.jetbrains.kotlin\kotlin-stdlib\1.8.22\636bf8b320e7627482771bbac9ed7246773c02bd\kotlin-stdlib-1.8.22.jar;C:\Users\SAJJAD ALI\.gradle\caches\modules-2\files-2.1\org.jetbrains.kotlin\kotlin-stdlib-common\1.8.22\1a8e3601703ae14bb58757ea6b2d8e8e5935a586\kotlin-stdlib-common-1.8.22.jar;C:\Users\SAJJAD ALI\.gradle\caches\modules-2\files-2.1\org.jetbrains\annotations\13.0\919f0dfe192fb4e063e7dacadee7f8bb9a2672a9\annotations-13.0.jar;C:\Users\SAJJAD ALI\.gradle\caches\modules-2\files-2.1\org.jetbrains.kotlin\kotlin-stdlib-jdk7\1.8.22\4dabb8248310d833bb6a8b516024a91fd3d275c\kotlin-stdlib-jdk7-1.8.22.jar;C:\Users\SAJJAD ALI\.gradle\caches\modules-2\files-2.1\androidx.annotation\annotation\1.3.0\21f49f5f9b85fc49de712539f79123119740595\annotation-1.3.0.jar;C:\Users\SAJJAD ALI\.gradle\caches\modules-2\files-2.1\androidx.arch.core\core-common\2.2.0\5e1b8b81dfd5f52c56a8d53b18ca759c19a301f3\core-common-2.2.0.jar;C:\Users\SAJJAD ALI\.gradle\caches\modules-2\files-2.1\androidx.lifecycle\lifecycle-common\2.6.1\10f354fdb64868baecd67128560c5a0d6312c495\lifecycle-common-2.6.1.jar;C:\Users\SAJJAD ALI\.gradle\caches\modules-2\files-2.1\org.jetbrains.kotlinx\kotlinx-coroutines-android\1.6.4\f955fc8b2ad196e2f4429598440e15f7492eeb2b\kotlinx-coroutines-android-1.6.4.jar;C:\Users\SAJJAD ALI\.gradle\caches\modules-2\files-2.1\org.jetbrains.kotlinx\kotlinx-coroutines-core-jvm\1.6.4\2c997cd1c0ef33f3e751d3831929aeff1390cb30\kotlinx-coroutines-core-jvm-1.6.4.jar;C:\Users\SAJJAD ALI\.gradle\caches\modules-2\files-2.1\androidx.collection\collection\1.1.0\1f27220b47669781457de0d600849a5de0e89909\collection-1.1.0.jar;C:\Users\SAJJAD ALI\.gradle\caches\modules-2\files-2.1\androidx.resourceinspection\resourceinspection-annotation\1.0.1\8c21f8ff5d96d5d52c948707f7e4d6ca6773feef\resourceinspection-annotation-1.0.1.jar;C:\Users\SAJJAD ALI\.gradle\caches\transforms-3\6f1c362f917f25d22179de8b0da49b13\transformed\core-ktx-1.9.0\jars\classes.jar;C:\Users\SAJJAD ALI\.gradle\caches\transforms-3\6f1c362f917f25d22179de8b0da49b13\transformed\core-ktx-1.9.0\res;C:\Users\SAJJAD ALI\.gradle\caches\transforms-3\6f1c362f917f25d22179de8b0da49b13\transformed\core-ktx-1.9.0\AndroidManifest.xml;C:\Users\SAJJAD ALI\.gradle\caches\transforms-3\0802dc12b29cc0f51f0dac122ee64f37\transformed\core-1.9.0\jars\classes.jar;C:\Users\SAJJAD ALI\.gradle\caches\transforms-3\0802dc12b29cc0f51f0dac122ee64f37\transformed\core-1.9.0\res;C:\Users\SAJJAD ALI\.gradle\caches\transforms-3\0802dc12b29cc0f51f0dac122ee64f37\transformed\core-1.9.0\AndroidManifest.xml;C:\Users\SAJJAD ALI\.gradle\caches\transforms-3\bdac9c7382c1ac15bc3cb4de702369e2\transformed\annotation-experimental-1.3.0\jars\classes.jar;C:\Users\SAJJAD ALI\.gradle\caches\transforms-3\bdac9c7382c1ac15bc3cb4de702369e2\transformed\annotation-experimental-1.3.0\res;C:\Users\SAJJAD ALI\.gradle\caches\transforms-3\bdac9c7382c1ac15bc3cb4de702369e2\transformed\annotation-experimental-1.3.0\AndroidManifest.xml;C:\Users\SAJJAD ALI\.gradle\caches\transforms-3\b7a2ef705e371bc1ebaa5e7408e98c0b\transformed\lifecycle-runtime-2.6.1\jars\classes.jar;C:\Users\SAJJAD ALI\.gradle\caches\transforms-3\b7a2ef705e371bc1ebaa5e7408e98c0b\transformed\lifecycle-runtime-2.6.1\res;C:\Users\SAJJAD ALI\.gradle\caches\transforms-3\b7a2ef705e371bc1ebaa5e7408e98c0b\transformed\lifecycle-runtime-2.6.1\AndroidManifest.xml;C:\Users\SAJJAD ALI\.gradle\caches\transforms-3\07ec1f7a09fdfaffd85ba5069a948748\transformed\versionedparcelable-1.1.1\jars\classes.jar;C:\Users\SAJJAD ALI\.gradle\caches\transforms-3\07ec1f7a09fdfaffd85ba5069a948748\transformed\versionedparcelable-1.1.1\AndroidManifest.xml;C:\Users\SAJJAD ALI\.gradle\caches\transforms-3\6fbda733455041a3aa156019f310cc03\transformed\appcompat-1.6.1\jars\classes.jar;C:\Users\SAJJAD ALI\.gradle\caches\transforms-3\6fbda733455041a3aa156019f310cc03\transformed\appcompat-1.6.1\res;C:\Users\SAJJAD ALI\.gradle\caches\transforms-3\6fbda733455041a3aa156019f310cc03\transformed\appcompat-1.6.1\AndroidManifest.xml;C:\Users\SAJJAD ALI\.gradle\caches\transforms-3\7e4abc5ac1b8823e7a1df86758a6fb31\transformed\activity-1.8.0\jars\classes.jar;C:\Users\SAJJAD ALI\.gradle\caches\transforms-3\7e4abc5ac1b8823e7a1df86758a6fb31\transformed\activity-1.8.0\res;C:\Users\SAJJAD ALI\.gradle\caches\transforms-3\7e4abc5ac1b8823e7a1df86758a6fb31\transformed\activity-1.8.0\AndroidManifest.xml;C:\Users\SAJJAD ALI\.gradle\caches\transforms-3\d19503e6b0cdcc058c47bb19ce6a3167\transformed\lifecycle-viewmodel-2.6.1\jars\classes.jar;C:\Users\SAJJAD ALI\.gradle\caches\transforms-3\d19503e6b0cdcc058c47bb19ce6a3167\transformed\lifecycle-viewmodel-2.6.1\res;C:\Users\SAJJAD ALI\.gradle\caches\transforms-3\d19503e6b0cdcc058c47bb19ce6a3167\transformed\lifecycle-viewmodel-2.6.1\AndroidManifest.xml;C:\Users\SAJJAD ALI\.gradle\caches\transforms-3\0b090607a2ace2c2c49febc7192ed3bb\transformed\lifecycle-viewmodel-savedstate-2.6.1\jars\classes.jar;C:\Users\SAJJAD ALI\.gradle\caches\transforms-3\0b090607a2ace2c2c49febc7192ed3bb\transformed\lifecycle-viewmodel-savedstate-2.6.1\res;C:\Users\SAJJAD ALI\.gradle\caches\transforms-3\0b090607a2ace2c2c49febc7192ed3bb\transformed\lifecycle-viewmodel-savedstate-2.6.1\AndroidManifest.xml;C:\Users\SAJJAD ALI\.gradle\caches\transforms-3\43b6de9379cefaa67a71c9ef5708151d\transformed\lifecycle-livedata-core-2.6.1\jars\classes.jar;C:\Users\SAJJAD ALI\.gradle\caches\transforms-3\43b6de9379cefaa67a71c9ef5708151d\transformed\lifecycle-livedata-core-2.6.1\res;C:\Users\SAJJAD ALI\.gradle\caches\transforms-3\43b6de9379cefaa67a71c9ef5708151d\transformed\lifecycle-livedata-core-2.6.1\AndroidManifest.xml;C:\Users\SAJJAD ALI\.gradle\caches\transforms-3\4a57e73ba5f0c92d039b797197b2881f\transformed\savedstate-1.2.1\jars\classes.jar;C:\Users\SAJJAD ALI\.gradle\caches\transforms-3\4a57e73ba5f0c92d039b797197b2881f\transformed\savedstate-1.2.1\res;C:\Users\SAJJAD ALI\.gradle\caches\transforms-3\4a57e73ba5f0c92d039b797197b2881f\transformed\savedstate-1.2.1\AndroidManifest.xml;C:\Users\SAJJAD ALI\.gradle\caches\transforms-3\35b6f47a195950a3ea56ce96844cd78a\transformed\appcompat-resources-1.6.1\jars\classes.jar;C:\Users\SAJJAD ALI\.gradle\caches\transforms-3\35b6f47a195950a3ea56ce96844cd78a\transformed\appcompat-resources-1.6.1\res;C:\Users\SAJJAD ALI\.gradle\caches\transforms-3\35b6f47a195950a3ea56ce96844cd78a\transformed\appcompat-resources-1.6.1\AndroidManifest.xml;C:\Users\SAJJAD ALI\.gradle\caches\transforms-3\6333dbb3fd15bed7dbf9dc3c840cff05\transformed\vectordrawable-1.1.0\jars\classes.jar;C:\Users\SAJJAD ALI\.gradle\caches\transforms-3\6333dbb3fd15bed7dbf9dc3c840cff05\transformed\vectordrawable-1.1.0\AndroidManifest.xml;C:\Users\SAJJAD ALI\.gradle\caches\transforms-3\cb4a60029c9c76e5380d5c8db91bd2ea\transformed\vectordrawable-animated-1.1.0\jars\classes.jar;C:\Users\SAJJAD ALI\.gradle\caches\transforms-3\cb4a60029c9c76e5380d5c8db91bd2ea\transformed\vectordrawable-animated-1.1.0\AndroidManifest.xml;C:\Users\SAJJAD ALI\.gradle\caches\transforms-3\d9cbeeb7d23a244947ef331cd7197511\transformed\interpolator-1.0.0\jars\classes.jar;C:\Users\SAJJAD ALI\.gradle\caches\transforms-3\d9cbeeb7d23a244947ef331cd7197511\transformed\interpolator-1.0.0\AndroidManifest.xml;C:\Users\SAJJAD ALI\.gradle\caches\transforms-3\2ec63acca88fa95546e72233105fab71\transformed\cursoradapter-1.0.0\jars\classes.jar;C:\Users\SAJJAD ALI\.gradle\caches\transforms-3\2ec63acca88fa95546e72233105fab71\transformed\cursoradapter-1.0.0\AndroidManifest.xml;C:\Users\SAJJAD ALI\.gradle\caches\transforms-3\aeeba87069c26b01f5e8fae1b65b50e4\transformed\drawerlayout-1.1.1\jars\classes.jar;C:\Users\SAJJAD ALI\.gradle\caches\transforms-3\aeeba87069c26b01f5e8fae1b65b50e4\transformed\drawerlayout-1.1.1\res;C:\Users\SAJJAD ALI\.gradle\caches\transforms-3\aeeba87069c26b01f5e8fae1b65b50e4\transformed\drawerlayout-1.1.1\AndroidManifest.xml;C:\Users\SAJJAD ALI\.gradle\caches\transforms-3\e1fa777757d72176338a18799385efa5\transformed\customview-1.1.0\jars\classes.jar;C:\Users\SAJJAD ALI\.gradle\caches\transforms-3\e1fa777757d72176338a18799385efa5\transformed\customview-1.1.0\AndroidManifest.xml;C:\Users\SAJJAD ALI\.gradle\caches\transforms-3\78b56c00c8867cf6a745860cc9cebe86\transformed\fragment-1.3.6\jars\classes.jar;C:\Users\SAJJAD ALI\.gradle\caches\transforms-3\78b56c00c8867cf6a745860cc9cebe86\transformed\fragment-1.3.6\res;C:\Users\SAJJAD ALI\.gradle\caches\transforms-3\78b56c00c8867cf6a745860cc9cebe86\transformed\fragment-1.3.6\AndroidManifest.xml;C:\Users\SAJJAD ALI\.gradle\caches\transforms-3\8216c4e0252d96c1dcedc063257525aa\transformed\viewpager-1.0.0\jars\classes.jar;C:\Users\SAJJAD ALI\.gradle\caches\transforms-3\8216c4e0252d96c1dcedc063257525aa\transformed\viewpager-1.0.0\AndroidManifest.xml;C:\Users\SAJJAD ALI\.gradle\caches\transforms-3\53eed1c5af8043bf46d4e2ad0e995e7b\transformed\loader-1.0.0\jars\classes.jar;C:\Users\SAJJAD ALI\.gradle\caches\transforms-3\53eed1c5af8043bf46d4e2ad0e995e7b\transformed\loader-1.0.0\AndroidManifest.xml;C:\Users\SAJJAD ALI\.gradle\caches\transforms-3\7fa864f09f2738c0f5a6fefce68a883e\transformed\lifecycle-livedata-2.6.1\jars\classes.jar;C:\Users\SAJJAD ALI\.gradle\caches\transforms-3\7fa864f09f2738c0f5a6fefce68a883e\transformed\lifecycle-livedata-2.6.1\res;C:\Users\SAJJAD ALI\.gradle\caches\transforms-3\7fa864f09f2738c0f5a6fefce68a883e\transformed\lifecycle-livedata-2.6.1\AndroidManifest.xml;C:\Users\SAJJAD ALI\.gradle\caches\transforms-3\e26fce92a483da7af5fd5034518b70fc\transformed\core-runtime-2.2.0\jars\classes.jar;C:\Users\SAJJAD ALI\.gradle\caches\transforms-3\e26fce92a483da7af5fd5034518b70fc\transformed\core-runtime-2.2.0\res;C:\Users\SAJJAD ALI\.gradle\caches\transforms-3\e26fce92a483da7af5fd5034518b70fc\transformed\core-runtime-2.2.0\AndroidManifest.xml;C:\Users\SAJJAD ALI\.gradle\caches\transforms-3\878da4db8208058e1c0ae9cd628e2547\transformed\material-1.11.0\jars\classes.jar;C:\Users\SAJJAD ALI\.gradle\caches\transforms-3\878da4db8208058e1c0ae9cd628e2547\transformed\material-1.11.0\res;C:\Users\SAJJAD ALI\.gradle\caches\transforms-3\878da4db8208058e1c0ae9cd628e2547\transformed\material-1.11.0\AndroidManifest.xml;C:\Users\SAJJAD ALI\.gradle\caches\transforms-3\e0b1f94a1b3250873b1e657d63faab43\transformed\cardview-1.0.0\jars\classes.jar;C:\Users\SAJJAD ALI\.gradle\caches\transforms-3\e0b1f94a1b3250873b1e657d63faab43\transformed\cardview-1.0.0\res;C:\Users\SAJJAD ALI\.gradle\caches\transforms-3\e0b1f94a1b3250873b1e657d63faab43\transformed\cardview-1.0.0\AndroidManifest.xml;C:\Users\SAJJAD ALI\.gradle\caches\transforms-3\89a826367b581c4bfc83100166668bbf\transformed\coordinatorlayout-1.1.0\jars\classes.jar;C:\Users\SAJJAD ALI\.gradle\caches\transforms-3\89a826367b581c4bfc83100166668bbf\transformed\coordinatorlayout-1.1.0\res;C:\Users\SAJJAD ALI\.gradle\caches\transforms-3\89a826367b581c4bfc83100166668bbf\transformed\coordinatorlayout-1.1.0\AndroidManifest.xml;C:\Users\SAJJAD ALI\.gradle\caches\transforms-3\3a2d82dd4245215143f447f6c8265ca0\transformed\constraintlayout-2.1.4\jars\classes.jar;C:\Users\SAJJAD ALI\.gradle\caches\transforms-3\3a2d82dd4245215143f447f6c8265ca0\transformed\constraintlayout-2.1.4\res;C:\Users\SAJJAD ALI\.gradle\caches\transforms-3\3a2d82dd4245215143f447f6c8265ca0\transformed\constraintlayout-2.1.4\AndroidManifest.xml;C:\Users\SAJJAD ALI\.gradle\caches\transforms-3\03eb3a884622fe09b524e6e99ebe3bf9\transformed\dynamicanimation-1.0.0\jars\classes.jar;C:\Users\SAJJAD ALI\.gradle\caches\transforms-3\03eb3a884622fe09b524e6e99ebe3bf9\transformed\dynamicanimation-1.0.0\AndroidManifest.xml;C:\Users\SAJJAD ALI\.gradle\caches\transforms-3\d589ab14c0c5733b6c2c3fcbd8cb7c91\transformed\legacy-support-core-utils-1.0.0\jars\classes.jar;C:\Users\SAJJAD ALI\.gradle\caches\transforms-3\d589ab14c0c5733b6c2c3fcbd8cb7c91\transformed\legacy-support-core-utils-1.0.0\AndroidManifest.xml;C:\Users\SAJJAD ALI\.gradle\caches\transforms-3\c25797eb70d1a44447cb6329bb1e4bc7\transformed\documentfile-1.0.0\jars\classes.jar;C:\Users\SAJJAD ALI\.gradle\caches\transforms-3\c25797eb70d1a44447cb6329bb1e4bc7\transformed\documentfile-1.0.0\AndroidManifest.xml;C:\Users\SAJJAD ALI\.gradle\caches\transforms-3\ea059cb17164d23a25ee5e33fc7f7c2a\transformed\localbroadcastmanager-1.0.0\jars\classes.jar;C:\Users\SAJJAD ALI\.gradle\caches\transforms-3\ea059cb17164d23a25ee5e33fc7f7c2a\transformed\localbroadcastmanager-1.0.0\AndroidManifest.xml;C:\Users\SAJJAD ALI\.gradle\caches\transforms-3\a6883df46e96f5faf8276a3602134d91\transformed\print-1.0.0\jars\classes.jar;C:\Users\SAJJAD ALI\.gradle\caches\transforms-3\a6883df46e96f5faf8276a3602134d91\transformed\print-1.0.0\AndroidManifest.xml;C:\Users\SAJJAD ALI\.gradle\caches\transforms-3\16d7ecada1ca11d2e4072f830c36f201\transformed\recyclerview-1.1.0\jars\classes.jar;C:\Users\SAJJAD ALI\.gradle\caches\transforms-3\16d7ecada1ca11d2e4072f830c36f201\transformed\recyclerview-1.1.0\res;C:\Users\SAJJAD ALI\.gradle\caches\transforms-3\16d7ecada1ca11d2e4072f830c36f201\transformed\recyclerview-1.1.0\AndroidManifest.xml;C:\Users\SAJJAD ALI\.gradle\caches\transforms-3\2abbecdab38333255c3bfdf16f035ed4\transformed\transition-1.2.0\jars\classes.jar;C:\Users\SAJJAD ALI\.gradle\caches\transforms-3\2abbecdab38333255c3bfdf16f035ed4\transformed\transition-1.2.0\res;C:\Users\SAJJAD ALI\.gradle\caches\transforms-3\2abbecdab38333255c3bfdf16f035ed4\transformed\transition-1.2.0\AndroidManifest.xml;C:\Users\SAJJAD ALI\.gradle\caches\transforms-3\faa4bad1bc482508b43d9ee2bd8b91f9\transformed\viewpager2-1.0.0\jars\classes.jar;C:\Users\SAJJAD ALI\.gradle\caches\transforms-3\faa4bad1bc482508b43d9ee2bd8b91f9\transformed\viewpager2-1.0.0\res;C:\Users\SAJJAD ALI\.gradle\caches\transforms-3\faa4bad1bc482508b43d9ee2bd8b91f9\transformed\viewpager2-1.0.0\AndroidManifest.xml
Launcher Type: SUN_STANDARD

[Global flags]
     intx CICompilerCount                          = 3                                         {product} {ergonomic}
     uint ConcGCThreads                            = 1                                         {product} {ergonomic}
     uint G1ConcRefinementThreads                  = 4                                         {product} {ergonomic}
   size_t G1HeapRegionSize                         = 1048576                                   {product} {ergonomic}
    uintx GCDrainStackTargetSize                   = 64                                        {product} {ergonomic}
   size_t InitialHeapSize                          = 132120576                                 {product} {ergonomic}
   size_t MarkStackSize                            = 4194304                                   {product} {ergonomic}
   size_t MaxHeapSize                              = 2109734912                                {product} {ergonomic}
   size_t MinHeapDeltaBytes                        = 1048576                                   {product} {ergonomic}
   size_t MinHeapSize                              = 8388608                                   {product} {ergonomic}
    uintx NonNMethodCodeHeapSize                   = 5832780                                {pd product} {ergonomic}
    uintx NonProfiledCodeHeapSize                  = 122912730                              {pd product} {ergonomic}
    uintx ProfiledCodeHeapSize                     = 122912730                              {pd product} {ergonomic}
    uintx ReservedCodeCacheSize                    = 251658240                              {pd product} {ergonomic}
     bool SegmentedCodeCache                       = true                                      {product} {ergonomic}
   size_t SoftMaxHeapSize                          = 2109734912                             {manageable} {ergonomic}
     bool UseCompressedClassPointers               = true                           {product lp64_product} {ergonomic}
     bool UseCompressedOops                        = true                           {product lp64_product} {ergonomic}
     bool UseG1GC                                  = true                                      {product} {ergonomic}
     bool UseLargePagesIndividualAllocation        = false                                  {pd product} {ergonomic}

Logging:
Log output configuration:
 #0: stdout all=warning uptime,level,tags foldmultilines=false
 #1: stderr all=off uptime,level,tags foldmultilines=false

Environment Variables:
PATH=C:\ProgramData\Oracle\Java\javapath;C:\Program Files\Common Files\Oracle\Java\javapath;C:\Windows\system32;C:\Windows;C:\Windows\System32\Wbem;C:\Windows\System32\WindowsPowerShell\v1.0\;C:\Windows\System32\OpenSSH\;C:\Program Files\Git\cmd;C:\Program Files\dotnet\;C:\Program Files (x86)\Microsoft SQL Server\130\Tools\Binn\;C:\Program Files\Microsoft SQL Server\130\Tools\Binn\;C:\Program Files\Microsoft SQL Server\Client SDK\ODBC\130\Tools\Binn\;C:\Program Files\Microsoft SQL Server\130\DTS\Binn\;C:\Program Files (x86)\Microsoft SQL Server\Client SDK\ODBC\130\Tools\Binn\;C:\Program Files (x86)\Microsoft SQL Server\130\DTS\Binn\;C:\Program Files (x86)\Microsoft SQL Server\130\Tools\Binn\ManagementStudio\;C:\TDM-GCC-64\bin;C:\Users\SAJJAD ALI\AppData\Local\Microsoft\WindowsApps;
USERNAME=SAJJAD ALI
OS=Windows_NT
PROCESSOR_IDENTIFIER=Intel64 Family 6 Model 78 Stepping 3, GenuineIntel
TMP=C:\Users\SAJJAD~1\AppData\Local\Temp
TEMP=C:\Users\SAJJAD~1\AppData\Local\Temp



---------------  S Y S T E M  ---------------

OS:
 Windows 10 , 64 bit Build 19041 (10.0.19041.3636)
OS uptime: 0 days 9:25 hours

CPU: total 4 (initial active 4) (2 cores per cpu, 2 threads per core) family 6 model 78 stepping 3 microcode 0xcc, cx8, cmov, fxsr, ht, mmx, 3dnowpref, sse, sse2, sse3, ssse3, sse4.1, sse4.2, popcnt, lzcnt, tsc, tscinvbit, avx, avx2, aes, erms, clmul, bmi1, bmi2, rtm, adx, fma, vzeroupper, clflush, clflushopt, rdtscp

Memory: 4k page, system-wide physical 8047M (550M free)
TotalPageFile size 12143M (AvailPageFile size 92M)
current process WorkingSet (physical memory assigned to process): 10M, peak: 10M
current process commit charge ("private bytes"): 52M, peak: 178M

vm_info: OpenJDK 64-Bit Server VM (19.0.2+7-44) for windows-amd64 JRE (19.0.2+7-44), built on 2022-11-30T18:02:09Z by "mach5one" with MS VC++ 17.1 (VS2022)

END.
